  Source.cpp
c:\users\selectivehoe\desktop\frozenblocks0.3.1\frozenblocks3\include.h(18): warning C4838: преобразование из "int" в "SHORT" требует сужающего преобразования
c:\users\selectivehoe\desktop\frozenblocks0.3.1\frozenblocks3\Menu.h(26): warning C4018: <: несоответствие типов со знаком и без знака
c:\users\selectivehoe\desktop\frozenblocks0.3.1\frozenblocks3\Menu.h(62): warning C4018: <: несоответствие типов со знаком и без знака
c:\users\selectivehoe\desktop\frozenblocks0.3.1\frozenblocks3\Block.h(94): warning C4267: return: преобразование из "size_t" в "int"; возможна потеря данных
c:\users\selectivehoe\desktop\frozenblocks0.3.1\frozenblocks3\Block.h(167): warning C4267: аргумент: преобразование из "size_t" в "int"; возможна потеря данных
c:\users\selectivehoe\desktop\frozenblocks0.3.1\frozenblocks3\Block.h(169): warning C4244: аргумент: преобразование "time_t" в "unsigned int", возможна потеря данных
c:\users\selectivehoe\desktop\frozenblocks0.3.1\frozenblocks3\Block.h(204): warning C4244: инициализация: преобразование "double" в "int", возможна потеря данных
c:\users\selectivehoe\desktop\frozenblocks0.3.1\frozenblocks3\Block.h(211): warning C4244: =: преобразование "double" в "int", возможна потеря данных
c:\users\selectivehoe\desktop\frozenblocks0.3.1\frozenblocks3\Block.h(229): warning C4244: =: преобразование "double" в "int", возможна потеря данных
c:\users\selectivehoe\desktop\frozenblocks0.3.1\frozenblocks3\Block.h(247): warning C4244: =: преобразование "double" в "int", возможна потеря данных
c:\users\selectivehoe\desktop\frozenblocks0.3.1\frozenblocks3\Block.h(324): warning C4244: =: преобразование "double" в "int", возможна потеря данных
c:\users\selectivehoe\desktop\frozenblocks0.3.1\frozenblocks3\Level.h(83): warning C4244: аргумент: преобразование "time_t" в "unsigned int", возможна потеря данных
c:\users\selectivehoe\desktop\frozenblocks0.3.1\frozenblocks3\Inventory.h(1704): warning C4244: инициализация: преобразование "double" в "int", возможна потеря данных
c:\users\selectivehoe\desktop\frozenblocks0.3.1\frozenblocks3\Account.h(81): warning C4267: инициализация: преобразование из "size_t" в "int"; возможна потеря данных
c:\users\selectivehoe\desktop\frozenblocks0.3.1\frozenblocks3\Account.h(146): warning C4244: аргумент: преобразование "double" в "int", возможна потеря данных
c:\users\selectivehoe\desktop\frozenblocks0.3.1\frozenblocks3\Account.h(149): warning C4244: аргумент: преобразование "double" в "int", возможна потеря данных
c:\users\selectivehoe\desktop\frozenblocks0.3.1\frozenblocks3\Account.h(155): warning C4244: аргумент: преобразование "double" в "int", возможна потеря данных
c:\users\selectivehoe\desktop\frozenblocks0.3.1\frozenblocks3\Account.h(158): warning C4244: аргумент: преобразование "double" в "int", возможна потеря данных
c:\users\selectivehoe\desktop\frozenblocks0.3.1\frozenblocks3\AccountDataBase.h(16): warning C4018: <: несоответствие типов со знаком и без знака
c:\users\selectivehoe\desktop\frozenblocks0.3.1\frozenblocks3\AccountDataBase.h(223): warning C4018: <: несоответствие типов со знаком и без знака
c:\users\selectivehoe\desktop\frozenblocks0.3.1\frozenblocks3\AccountDataBase.h(246): warning C4018: <: несоответствие типов со знаком и без знака
c:\users\selectivehoe\desktop\frozenblocks0.3.1\frozenblocks3\GameScripts.h(25): warning C4244: инициализация: преобразование "double" в "int", возможна потеря данных
c:\users\selectivehoe\desktop\frozenblocks0.3.1\frozenblocks3\GameScripts.h(45): warning C4244: инициализация: преобразование "double" в "int", возможна потеря данных
c:\users\selectivehoe\desktop\frozenblocks0.3.1\frozenblocks3\GameScripts.h(244): warning C4244: аргумент: преобразование "time_t" в "unsigned int", возможна потеря данных
c:\users\selectivehoe\desktop\frozenblocks0.3.1\frozenblocks3\GameScripts.h(694): warning C4244: аргумент: преобразование "double" в "int", возможна потеря данных
c:\users\selectivehoe\desktop\frozenblocks0.3.1\frozenblocks3\GameScripts.h(697): warning C4244: аргумент: преобразование "double" в "int", возможна потеря данных
c:\users\selectivehoe\desktop\frozenblocks0.3.1\frozenblocks3\GameScripts.h(703): warning C4244: аргумент: преобразование "double" в "int", возможна потеря данных
c:\users\selectivehoe\desktop\frozenblocks0.3.1\frozenblocks3\GameScripts.h(902): warning C4244: аргумент: преобразование "time_t" в "unsigned int", возможна потеря данных
c:\users\selectivehoe\desktop\frozenblocks0.3.1\frozenblocks3\GameScripts.h(962): warning C4244: =: преобразование "double" в "int", возможна потеря данных
c:\users\selectivehoe\desktop\frozenblocks0.3.1\frozenblocks3\GameScripts.h(968): warning C4244: аргумент: преобразование "double" в "int", возможна потеря данных
c:\users\selectivehoe\desktop\frozenblocks0.3.1\frozenblocks3\GameScripts.h(972): warning C4244: =: преобразование "double" в "int", возможна потеря данных
c:\users\selectivehoe\desktop\frozenblocks0.3.1\frozenblocks3\GameScripts.h(981): warning C4244: аргумент: преобразование "double" в "int", возможна потеря данных
c:\users\selectivehoe\desktop\frozenblocks0.3.1\frozenblocks3\GameScripts.h(985): warning C4244: =: преобразование "double" в "int", возможна потеря данных
c:\users\selectivehoe\desktop\frozenblocks0.3.1\frozenblocks3\GameScripts.h(994): warning C4244: аргумент: преобразование "double" в "int", возможна потеря данных
c:\users\selectivehoe\desktop\frozenblocks0.3.1\frozenblocks3\GameScripts.h(998): warning C4244: =: преобразование "double" в "int", возможна потеря данных
c:\users\selectivehoe\desktop\frozenblocks0.3.1\frozenblocks3\GameScripts.h(1007): warning C4244: аргумент: преобразование "double" в "int", возможна потеря данных
c:\users\selectivehoe\desktop\frozenblocks0.3.1\frozenblocks3\GameScripts.h(1029): warning C4244: аргумент: преобразование "double" в "int", возможна потеря данных
  Создание кода
c:\users\selectivehoe\desktop\frozenblocks0.3.1\frozenblocks3\gamescripts.h(1033): warning C4715: GameScripts::GenerateRandomItem: значение возвращается не при всех путях выполнения
  16 of 556 functions ( 2.9%) were compiled, the rest were copied from previous compilation.
    0 functions were new in current compilation
    19 functions had inline decision re-evaluated but remain unchanged
  Создание кода завершено
  FrozenBlocks3.vcxproj -> C:\Users\SelectiveHoe\Desktop\FrozenBlocks0.3.1\x64\Release\FrozenBlocks3.exe
